<?xml version='1.0' encoding='UTF-8'?>
<testsuite hostname="Marlos-MacBook-Pro-2.local" name="ProblemTest" tests="12" errors="0" failures="0" time="0.035">
                     <properties>
[...]
</properties>
                     <testcase classname="ProblemTest" name="find last element of list with recursion" time="0.026">
                                                 
                                               </testcase><testcase classname="ProblemTest" name="find last but one element with recursion" time="0.0">
                                                 
                                               </testcase><testcase classname="ProblemTest" name="find kth element" time="0.001">
                                                 
                                               </testcase><testcase classname="ProblemTest" name="find kth element with recursion" time="0.0">
                                                 
                                               </testcase><testcase classname="ProblemTest" name="find number of elements with recursion" time="0.001">
                                                 
                                               </testcase><testcase classname="ProblemTest" name="find number of elements purely functionally" time="0.001">
                                                 
                                               </testcase><testcase classname="ProblemTest" name="reverse list with recursion" time="0.001">
                                                 
                                               </testcase><testcase classname="ProblemTest" name="reverse list functionally" time="0.0">
                                                 
                                               </testcase><testcase classname="ProblemTest" name="list is a palindrome" time="0.002">
                                                 
                                               </testcase><testcase classname="ProblemTest" name="flatten list" time="0.002">
                                                 
                                               </testcase><testcase classname="ProblemTest" name="eliminate consecutive duplicates of list elements" time="0.001">
                                                 
                                               </testcase><testcase classname="ProblemTest" name="Pack consecutive duplicates of list elements into sublists" time="0.0">
                                                 
                                               </testcase>
                     <system-out></system-out>
                     <system-err></system-err>
                   </testsuite>